

Started GET "/" for 127.0.0.1 at 2014-06-02 01:50:23 +0600
Processing by Rails::WelcomeController#index as HTML
  Rendered /usr/local/rvm/gems/ruby-2.1.2/gems/railties-4.1.1/lib/rails/templates/rails/welcome/index.html.erb (5.4ms)
Completed 200 OK in 98ms (Views: 64.6ms | ActiveRecord: 0.0ms)


Started GET "/" for 127.0.0.1 at 2014-06-02 02:14:48 +0600
Processing by WelcomeController#index as HTML
  Rendered welcome/index.html.erb within layouts/application (1.5ms)
Completed 200 OK in 972ms (Views: 958.2ms | ActiveRecord: 0.0ms)


Started GET "/assets/welcome.css?body=1" for 127.0.0.1 at 2014-06-02 02:14:49 +0600


Started GET "/assets/application.css?body=1" for 127.0.0.1 at 2014-06-02 02:14:49 +0600


Started GET "/assets/application.js?body=1" for 127.0.0.1 at 2014-06-02 02:14:49 +0600


Started GET "/assets/jquery_ujs.js?body=1" for 127.0.0.1 at 2014-06-02 02:14:49 +0600


Started GET "/assets/jquery.js?body=1" for 127.0.0.1 at 2014-06-02 02:14:49 +0600


Started GET "/assets/welcome.js?body=1" for 127.0.0.1 at 2014-06-02 02:14:49 +0600


Started GET "/assets/turbolinks.js?body=1" for 127.0.0.1 at 2014-06-02 02:14:49 +0600


Started GET "/" for 127.0.0.1 at 2014-06-02 02:15:31 +0600
Processing by WelcomeController#index as HTML
  Rendered welcome/index.html.erb within layouts/application (0.1ms)
Completed 200 OK in 7ms (Views: 6.4ms | ActiveRecord: 0.0ms)


Started GET "/articles/new" for 127.0.0.1 at 2014-06-02 02:25:08 +0600

ActionController::RoutingError (uninitialized constant ArticlesController):
  activesupport (4.1.1) lib/active_support/inflector/methods.rb:238:in `const_get'
  activesupport (4.1.1) lib/active_support/inflector/methods.rb:238:in `block in constantize'
  activesupport (4.1.1) lib/active_support/inflector/methods.rb:236:in `each'
  activesupport (4.1.1) lib/active_support/inflector/methods.rb:236:in `inject'
  activesupport (4.1.1) lib/active_support/inflector/methods.rb:236:in `constantize'
  actionpack (4.1.1) lib/action_dispatch/routing/route_set.rb:76:in `controller_reference'
  actionpack (4.1.1) lib/action_dispatch/routing/route_set.rb:66:in `controller'
  actionpack (4.1.1) lib/action_dispatch/routing/route_set.rb:44:in `call'
  actionpack (4.1.1) lib/action_dispatch/journey/router.rb:71:in `block in call'
  actionpack (4.1.1) lib/action_dispatch/journey/router.rb:59:in `each'
  actionpack (4.1.1) lib/action_dispatch/journey/router.rb:59:in `call'
  actionpack (4.1.1) lib/action_dispatch/routing/route_set.rb:676:in `call'
  rack (1.5.2) lib/rack/etag.rb:23:in `call'
  rack (1.5.2) lib/rack/conditionalget.rb:25:in `call'
  rack (1.5.2) lib/rack/head.rb:11:in `call'
  actionpack (4.1.1) lib/action_dispatch/middleware/params_parser.rb:27:in `call'
  actionpack (4.1.1) lib/action_dispatch/middleware/flash.rb:254:in `call'
  rack (1.5.2) lib/rack/session/abstract/id.rb:225:in `context'
  rack (1.5.2) lib/rack/session/abstract/id.rb:220:in `call'
  actionpack (4.1.1) lib/action_dispatch/middleware/cookies.rb:560:in `call'
  activerecord (4.1.1) lib/active_record/query_cache.rb:36:in `call'
  activerecord (4.1.1) lib/active_record/connection_adapters/abstract/connection_pool.rb:621:in `call'
  activerecord (4.1.1) lib/active_record/migration.rb:380:in `call'
  actionpack (4.1.1) lib/action_dispatch/middleware/callbacks.rb:29:in `block in call'
  activesupport (4.1.1) lib/active_support/callbacks.rb:82:in `run_callbacks'
  actionpack (4.1.1) lib/action_dispatch/middleware/callbacks.rb:27:in `call'
  actionpack (4.1.1) lib/action_dispatch/middleware/reloader.rb:73:in `call'
  actionpack (4.1.1) lib/action_dispatch/middleware/remote_ip.rb:76:in `call'
  actionpack (4.1.1) lib/action_dispatch/middleware/debug_exceptions.rb:17:in `call'
  actionpack (4.1.1) lib/action_dispatch/middleware/show_exceptions.rb:30:in `call'
  railties (4.1.1) lib/rails/rack/logger.rb:38:in `call_app'
  railties (4.1.1) lib/rails/rack/logger.rb:20:in `block in call'
  activesupport (4.1.1) lib/active_support/tagged_logging.rb:68:in `block in tagged'
  activesupport (4.1.1) lib/active_support/tagged_logging.rb:26:in `tagged'
  activesupport (4.1.1) lib/active_support/tagged_logging.rb:68:in `tagged'
  railties (4.1.1) lib/rails/rack/logger.rb:20:in `call'
  actionpack (4.1.1) lib/action_dispatch/middleware/request_id.rb:21:in `call'
  rack (1.5.2) lib/rack/methodoverride.rb:21:in `call'
  rack (1.5.2) lib/rack/runtime.rb:17:in `call'
  activesupport (4.1.1) lib/active_support/cache/strategy/local_cache_middleware.rb:26:in `call'
  rack (1.5.2) lib/rack/lock.rb:17:in `call'
  actionpack (4.1.1) lib/action_dispatch/middleware/static.rb:64:in `call'
  rack (1.5.2) lib/rack/sendfile.rb:112:in `call'
  railties (4.1.1) lib/rails/engine.rb:514:in `call'
  railties (4.1.1) lib/rails/application.rb:144:in `call'
  rack (1.5.2) lib/rack/lock.rb:17:in `call'
  rack (1.5.2) lib/rack/content_length.rb:14:in `call'
  rack (1.5.2) lib/rack/handler/webrick.rb:60:in `service'
  /usr/local/rvm/rubies/ruby-2.1.2/lib/ruby/2.1.0/webrick/httpserver.rb:138:in `service'
  /usr/local/rvm/rubies/ruby-2.1.2/lib/ruby/2.1.0/webrick/httpserver.rb:94:in `run'
  /usr/local/rvm/rubies/ruby-2.1.2/lib/ruby/2.1.0/webrick/server.rb:295:in `block in start_thread'


  Rendered /usr/local/rvm/gems/ruby-2.1.2/gems/actionpack-4.1.1/lib/action_dispatch/middleware/templates/rescues/_trace.html.erb (2.2ms)
  Rendered /usr/local/rvm/gems/ruby-2.1.2/gems/actionpack-4.1.1/lib/action_dispatch/middleware/templates/routes/_route.html.erb (1.8ms)
  Rendered /usr/local/rvm/gems/ruby-2.1.2/gems/actionpack-4.1.1/lib/action_dispatch/middleware/templates/routes/_table.html.erb (28.8ms)
  Rendered /usr/local/rvm/gems/ruby-2.1.2/gems/actionpack-4.1.1/lib/action_dispatch/middleware/templates/rescues/routing_error.html.erb within rescues/layout (67.6ms)


Started GET "/articles/new" for 127.0.0.1 at 2014-06-02 02:27:55 +0600

AbstractController::ActionNotFound (The action 'new' could not be found for ArticlesController):
  actionpack (4.1.1) lib/abstract_controller/base.rb:131:in `process'
  actionview (4.1.1) lib/action_view/rendering.rb:30:in `process'
  actionpack (4.1.1) lib/action_controller/metal.rb:195:in `dispatch'
  actionpack (4.1.1) lib/action_controller/metal/rack_delegation.rb:13:in `dispatch'
  actionpack (4.1.1) lib/action_controller/metal.rb:231:in `block in action'
  actionpack (4.1.1) lib/action_dispatch/routing/route_set.rb:80:in `call'
  actionpack (4.1.1) lib/action_dispatch/routing/route_set.rb:80:in `dispatch'
  actionpack (4.1.1) lib/action_dispatch/routing/route_set.rb:48:in `call'
  actionpack (4.1.1) lib/action_dispatch/journey/router.rb:71:in `block in call'
  actionpack (4.1.1) lib/action_dispatch/journey/router.rb:59:in `each'
  actionpack (4.1.1) lib/action_dispatch/journey/router.rb:59:in `call'
  actionpack (4.1.1) lib/action_dispatch/routing/route_set.rb:676:in `call'
  rack (1.5.2) lib/rack/etag.rb:23:in `call'
  rack (1.5.2) lib/rack/conditionalget.rb:25:in `call'
  rack (1.5.2) lib/rack/head.rb:11:in `call'
  actionpack (4.1.1) lib/action_dispatch/middleware/params_parser.rb:27:in `call'
  actionpack (4.1.1) lib/action_dispatch/middleware/flash.rb:254:in `call'
  rack (1.5.2) lib/rack/session/abstract/id.rb:225:in `context'
  rack (1.5.2) lib/rack/session/abstract/id.rb:220:in `call'
  actionpack (4.1.1) lib/action_dispatch/middleware/cookies.rb:560:in `call'
  activerecord (4.1.1) lib/active_record/query_cache.rb:36:in `call'
  activerecord (4.1.1) lib/active_record/connection_adapters/abstract/connection_pool.rb:621:in `call'
  activerecord (4.1.1) lib/active_record/migration.rb:380:in `call'
  actionpack (4.1.1) lib/action_dispatch/middleware/callbacks.rb:29:in `block in call'
  activesupport (4.1.1) lib/active_support/callbacks.rb:82:in `run_callbacks'
  actionpack (4.1.1) lib/action_dispatch/middleware/callbacks.rb:27:in `call'
  actionpack (4.1.1) lib/action_dispatch/middleware/reloader.rb:73:in `call'
  actionpack (4.1.1) lib/action_dispatch/middleware/remote_ip.rb:76:in `call'
  actionpack (4.1.1) lib/action_dispatch/middleware/debug_exceptions.rb:17:in `call'
  actionpack (4.1.1) lib/action_dispatch/middleware/show_exceptions.rb:30:in `call'
  railties (4.1.1) lib/rails/rack/logger.rb:38:in `call_app'
  railties (4.1.1) lib/rails/rack/logger.rb:20:in `block in call'
  activesupport (4.1.1) lib/active_support/tagged_logging.rb:68:in `block in tagged'
  activesupport (4.1.1) lib/active_support/tagged_logging.rb:26:in `tagged'
  activesupport (4.1.1) lib/active_support/tagged_logging.rb:68:in `tagged'
  railties (4.1.1) lib/rails/rack/logger.rb:20:in `call'
  actionpack (4.1.1) lib/action_dispatch/middleware/request_id.rb:21:in `call'
  rack (1.5.2) lib/rack/methodoverride.rb:21:in `call'
  rack (1.5.2) lib/rack/runtime.rb:17:in `call'
  activesupport (4.1.1) lib/active_support/cache/strategy/local_cache_middleware.rb:26:in `call'
  rack (1.5.2) lib/rack/lock.rb:17:in `call'
  actionpack (4.1.1) lib/action_dispatch/middleware/static.rb:64:in `call'
  rack (1.5.2) lib/rack/sendfile.rb:112:in `call'
  railties (4.1.1) lib/rails/engine.rb:514:in `call'
  railties (4.1.1) lib/rails/application.rb:144:in `call'
  rack (1.5.2) lib/rack/lock.rb:17:in `call'
  rack (1.5.2) lib/rack/content_length.rb:14:in `call'
  rack (1.5.2) lib/rack/handler/webrick.rb:60:in `service'
  /usr/local/rvm/rubies/ruby-2.1.2/lib/ruby/2.1.0/webrick/httpserver.rb:138:in `service'
  /usr/local/rvm/rubies/ruby-2.1.2/lib/ruby/2.1.0/webrick/httpserver.rb:94:in `run'
  /usr/local/rvm/rubies/ruby-2.1.2/lib/ruby/2.1.0/webrick/server.rb:295:in `block in start_thread'


  Rendered /usr/local/rvm/gems/ruby-2.1.2/gems/actionpack-4.1.1/lib/action_dispatch/middleware/templates/rescues/unknown_action.html.erb within rescues/layout (0.8ms)


Started GET "/articles/new" for 127.0.0.1 at 2014-06-02 02:30:37 +0600

SyntaxError (/home/kadder/blog/app/controllers/articles_controller.rb:3: syntax error, unexpected end-of-input, expecting keyword_end):
  activesupport (4.1.1) lib/active_support/dependencies.rb:443:in `load'
  activesupport (4.1.1) lib/active_support/dependencies.rb:443:in `block in load_file'
  activesupport (4.1.1) lib/active_support/dependencies.rb:633:in `new_constants_in'
  activesupport (4.1.1) lib/active_support/dependencies.rb:442:in `load_file'
  activesupport (4.1.1) lib/active_support/dependencies.rb:342:in `require_or_load'
  activesupport (4.1.1) lib/active_support/dependencies.rb:480:in `load_missing_constant'
  activesupport (4.1.1) lib/active_support/dependencies.rb:180:in `const_missing'
  activesupport (4.1.1) lib/active_support/inflector/methods.rb:238:in `const_get'
  activesupport (4.1.1) lib/active_support/inflector/methods.rb:238:in `block in constantize'
  activesupport (4.1.1) lib/active_support/inflector/methods.rb:236:in `each'
  activesupport (4.1.1) lib/active_support/inflector/methods.rb:236:in `inject'
  activesupport (4.1.1) lib/active_support/inflector/methods.rb:236:in `constantize'
  activesupport (4.1.1) lib/active_support/dependencies.rb:552:in `get'
  activesupport (4.1.1) lib/active_support/dependencies.rb:583:in `constantize'
  actionpack (4.1.1) lib/action_dispatch/routing/route_set.rb:76:in `controller_reference'
  actionpack (4.1.1) lib/action_dispatch/routing/route_set.rb:66:in `controller'
  actionpack (4.1.1) lib/action_dispatch/routing/route_set.rb:44:in `call'
  actionpack (4.1.1) lib/action_dispatch/journey/router.rb:71:in `block in call'
  actionpack (4.1.1) lib/action_dispatch/journey/router.rb:59:in `each'
  actionpack (4.1.1) lib/action_dispatch/journey/router.rb:59:in `call'
  actionpack (4.1.1) lib/action_dispatch/routing/route_set.rb:676:in `call'
  rack (1.5.2) lib/rack/etag.rb:23:in `call'
  rack (1.5.2) lib/rack/conditionalget.rb:25:in `call'
  rack (1.5.2) lib/rack/head.rb:11:in `call'
  actionpack (4.1.1) lib/action_dispatch/middleware/params_parser.rb:27:in `call'
  actionpack (4.1.1) lib/action_dispatch/middleware/flash.rb:254:in `call'
  rack (1.5.2) lib/rack/session/abstract/id.rb:225:in `context'
  rack (1.5.2) lib/rack/session/abstract/id.rb:220:in `call'
  actionpack (4.1.1) lib/action_dispatch/middleware/cookies.rb:560:in `call'
  activerecord (4.1.1) lib/active_record/query_cache.rb:36:in `call'
  activerecord (4.1.1) lib/active_record/connection_adapters/abstract/connection_pool.rb:621:in `call'
  activerecord (4.1.1) lib/active_record/migration.rb:380:in `call'
  actionpack (4.1.1) lib/action_dispatch/middleware/callbacks.rb:29:in `block in call'
  activesupport (4.1.1) lib/active_support/callbacks.rb:82:in `run_callbacks'
  actionpack (4.1.1) lib/action_dispatch/middleware/callbacks.rb:27:in `call'
  actionpack (4.1.1) lib/action_dispatch/middleware/reloader.rb:73:in `call'
  actionpack (4.1.1) lib/action_dispatch/middleware/remote_ip.rb:76:in `call'
  actionpack (4.1.1) lib/action_dispatch/middleware/debug_exceptions.rb:17:in `call'
  actionpack (4.1.1) lib/action_dispatch/middleware/show_exceptions.rb:30:in `call'
  railties (4.1.1) lib/rails/rack/logger.rb:38:in `call_app'
  railties (4.1.1) lib/rails/rack/logger.rb:20:in `block in call'
  activesupport (4.1.1) lib/active_support/tagged_logging.rb:68:in `block in tagged'
  activesupport (4.1.1) lib/active_support/tagged_logging.rb:26:in `tagged'
  activesupport (4.1.1) lib/active_support/tagged_logging.rb:68:in `tagged'
  railties (4.1.1) lib/rails/rack/logger.rb:20:in `call'
  actionpack (4.1.1) lib/action_dispatch/middleware/request_id.rb:21:in `call'
  rack (1.5.2) lib/rack/methodoverride.rb:21:in `call'
  rack (1.5.2) lib/rack/runtime.rb:17:in `call'
  activesupport (4.1.1) lib/active_support/cache/strategy/local_cache_middleware.rb:26:in `call'
  rack (1.5.2) lib/rack/lock.rb:17:in `call'
  actionpack (4.1.1) lib/action_dispatch/middleware/static.rb:64:in `call'
  rack (1.5.2) lib/rack/sendfile.rb:112:in `call'
  railties (4.1.1) lib/rails/engine.rb:514:in `call'
  railties (4.1.1) lib/rails/application.rb:144:in `call'
  rack (1.5.2) lib/rack/lock.rb:17:in `call'
  rack (1.5.2) lib/rack/content_length.rb:14:in `call'
  rack (1.5.2) lib/rack/handler/webrick.rb:60:in `service'
  /usr/local/rvm/rubies/ruby-2.1.2/lib/ruby/2.1.0/webrick/httpserver.rb:138:in `service'
  /usr/local/rvm/rubies/ruby-2.1.2/lib/ruby/2.1.0/webrick/httpserver.rb:94:in `run'
  /usr/local/rvm/rubies/ruby-2.1.2/lib/ruby/2.1.0/webrick/server.rb:295:in `block in start_thread'


  Rendered /usr/local/rvm/gems/ruby-2.1.2/gems/actionpack-4.1.1/lib/action_dispatch/middleware/templates/rescues/_source.erb (0.7ms)
  Rendered /usr/local/rvm/gems/ruby-2.1.2/gems/actionpack-4.1.1/lib/action_dispatch/middleware/templates/rescues/_trace.html.erb (1.3ms)
  Rendered /usr/local/rvm/gems/ruby-2.1.2/gems/actionpack-4.1.1/lib/action_dispatch/middleware/templates/rescues/_request_and_response.html.erb (12.1ms)
  Rendered /usr/local/rvm/gems/ruby-2.1.2/gems/actionpack-4.1.1/lib/action_dispatch/middleware/templates/rescues/diagnostics.erb within rescues/layout (28.6ms)


Started GET "/articles/new" for 127.0.0.1 at 2014-06-02 02:31:54 +0600

ArgumentError (comparison of Symbol with Class failed):
  app/controllers/articles_controller.rb:3:in `<'
  app/controllers/articles_controller.rb:3:in `<class:ArticlesController>'
  app/controllers/articles_controller.rb:1:in `<top (required)>'


  Rendered /usr/local/rvm/gems/ruby-2.1.2/gems/actionpack-4.1.1/lib/action_dispatch/middleware/templates/rescues/_source.erb (1.1ms)
  Rendered /usr/local/rvm/gems/ruby-2.1.2/gems/actionpack-4.1.1/lib/action_dispatch/middleware/templates/rescues/_trace.html.erb (2.9ms)
  Rendered /usr/local/rvm/gems/ruby-2.1.2/gems/actionpack-4.1.1/lib/action_dispatch/middleware/templates/rescues/_request_and_response.html.erb (1.8ms)
  Rendered /usr/local/rvm/gems/ruby-2.1.2/gems/actionpack-4.1.1/lib/action_dispatch/middleware/templates/rescues/diagnostics.erb within rescues/layout (21.4ms)


Started GET "/" for 127.0.0.1 at 2014-06-02 09:48:13 +0600
Processing by WelcomeController#index as HTML
  Rendered welcome/index.html.erb within layouts/application (15.5ms)
Completed 200 OK in 2176ms (Views: 2146.5ms | ActiveRecord: 0.0ms)


Started GET "/assets/application.css?body=1" for 127.0.0.1 at 2014-06-02 09:48:18 +0600


Started GET "/assets/articles.css?body=1" for 127.0.0.1 at 2014-06-02 09:48:18 +0600


Started GET "/assets/welcome.css?body=1" for 127.0.0.1 at 2014-06-02 09:48:18 +0600


Started GET "/assets/jquery.js?body=1" for 127.0.0.1 at 2014-06-02 09:48:18 +0600


Started GET "/assets/turbolinks.js?body=1" for 127.0.0.1 at 2014-06-02 09:48:18 +0600


Started GET "/assets/jquery_ujs.js?body=1" for 127.0.0.1 at 2014-06-02 09:48:18 +0600


Started GET "/assets/welcome.js?body=1" for 127.0.0.1 at 2014-06-02 09:48:18 +0600


Started GET "/assets/application.js?body=1" for 127.0.0.1 at 2014-06-02 09:48:18 +0600


Started GET "/assets/articles.js?body=1" for 127.0.0.1 at 2014-06-02 09:48:18 +0600


Started GET "/articles/new" for 127.0.0.1 at 2014-06-02 09:48:29 +0600

ArgumentError (comparison of Symbol with Class failed):
  app/controllers/articles_controller.rb:3:in `<'
  app/controllers/articles_controller.rb:3:in `<class:ArticlesController>'
  app/controllers/articles_controller.rb:1:in `<top (required)>'


  Rendered /usr/local/rvm/gems/ruby-2.1.2/gems/actionpack-4.1.1/lib/action_dispatch/middleware/templates/rescues/_source.erb (0.7ms)
  Rendered /usr/local/rvm/gems/ruby-2.1.2/gems/actionpack-4.1.1/lib/action_dispatch/middleware/templates/rescues/_trace.html.erb (1.3ms)
  Rendered /usr/local/rvm/gems/ruby-2.1.2/gems/actionpack-4.1.1/lib/action_dispatch/middleware/templates/rescues/_request_and_response.html.erb (1.5ms)
  Rendered /usr/local/rvm/gems/ruby-2.1.2/gems/actionpack-4.1.1/lib/action_dispatch/middleware/templates/rescues/diagnostics.erb within rescues/layout (46.4ms)


Started GET "/articles/new" for 127.0.0.1 at 2014-06-02 09:49:06 +0600

SyntaxError (/home/kadder/blog/app/controllers/articles_controller.rb:3: syntax error, unexpected end-of-input, expecting keyword_end):
  activesupport (4.1.1) lib/active_support/dependencies.rb:443:in `load'
  activesupport (4.1.1) lib/active_support/dependencies.rb:443:in `block in load_file'
  activesupport (4.1.1) lib/active_support/dependencies.rb:633:in `new_constants_in'
  activesupport (4.1.1) lib/active_support/dependencies.rb:442:in `load_file'
  activesupport (4.1.1) lib/active_support/dependencies.rb:342:in `require_or_load'
  activesupport (4.1.1) lib/active_support/dependencies.rb:480:in `load_missing_constant'
  activesupport (4.1.1) lib/active_support/dependencies.rb:180:in `const_missing'
  activesupport (4.1.1) lib/active_support/inflector/methods.rb:238:in `const_get'
  activesupport (4.1.1) lib/active_support/inflector/methods.rb:238:in `block in constantize'
  activesupport (4.1.1) lib/active_support/inflector/methods.rb:236:in `each'
  activesupport (4.1.1) lib/active_support/inflector/methods.rb:236:in `inject'
  activesupport (4.1.1) lib/active_support/inflector/methods.rb:236:in `constantize'
  activesupport (4.1.1) lib/active_support/dependencies.rb:552:in `get'
  activesupport (4.1.1) lib/active_support/dependencies.rb:583:in `constantize'
  actionpack (4.1.1) lib/action_dispatch/routing/route_set.rb:76:in `controller_reference'
  actionpack (4.1.1) lib/action_dispatch/routing/route_set.rb:66:in `controller'
  actionpack (4.1.1) lib/action_dispatch/routing/route_set.rb:44:in `call'
  actionpack (4.1.1) lib/action_dispatch/journey/router.rb:71:in `block in call'
  actionpack (4.1.1) lib/action_dispatch/journey/router.rb:59:in `each'
  actionpack (4.1.1) lib/action_dispatch/journey/router.rb:59:in `call'
  actionpack (4.1.1) lib/action_dispatch/routing/route_set.rb:676:in `call'
  rack (1.5.2) lib/rack/etag.rb:23:in `call'
  rack (1.5.2) lib/rack/conditionalget.rb:25:in `call'
  rack (1.5.2) lib/rack/head.rb:11:in `call'
  actionpack (4.1.1) lib/action_dispatch/middleware/params_parser.rb:27:in `call'
  actionpack (4.1.1) lib/action_dispatch/middleware/flash.rb:254:in `call'
  rack (1.5.2) lib/rack/session/abstract/id.rb:225:in `context'
  rack (1.5.2) lib/rack/session/abstract/id.rb:220:in `call'
  actionpack (4.1.1) lib/action_dispatch/middleware/cookies.rb:560:in `call'
  activerecord (4.1.1) lib/active_record/query_cache.rb:36:in `call'
  activerecord (4.1.1) lib/active_record/connection_adapters/abstract/connection_pool.rb:621:in `call'
  activerecord (4.1.1) lib/active_record/migration.rb:380:in `call'
  actionpack (4.1.1) lib/action_dispatch/middleware/callbacks.rb:29:in `block in call'
  activesupport (4.1.1) lib/active_support/callbacks.rb:82:in `run_callbacks'
  actionpack (4.1.1) lib/action_dispatch/middleware/callbacks.rb:27:in `call'
  actionpack (4.1.1) lib/action_dispatch/middleware/reloader.rb:73:in `call'
  actionpack (4.1.1) lib/action_dispatch/middleware/remote_ip.rb:76:in `call'
  actionpack (4.1.1) lib/action_dispatch/middleware/debug_exceptions.rb:17:in `call'
  actionpack (4.1.1) lib/action_dispatch/middleware/show_exceptions.rb:30:in `call'
  railties (4.1.1) lib/rails/rack/logger.rb:38:in `call_app'
  railties (4.1.1) lib/rails/rack/logger.rb:20:in `block in call'
  activesupport (4.1.1) lib/active_support/tagged_logging.rb:68:in `block in tagged'
  activesupport (4.1.1) lib/active_support/tagged_logging.rb:26:in `tagged'
  activesupport (4.1.1) lib/active_support/tagged_logging.rb:68:in `tagged'
  railties (4.1.1) lib/rails/rack/logger.rb:20:in `call'
  actionpack (4.1.1) lib/action_dispatch/middleware/request_id.rb:21:in `call'
  rack (1.5.2) lib/rack/methodoverride.rb:21:in `call'
  rack (1.5.2) lib/rack/runtime.rb:17:in `call'
  activesupport (4.1.1) lib/active_support/cache/strategy/local_cache_middleware.rb:26:in `call'
  rack (1.5.2) lib/rack/lock.rb:17:in `call'
  actionpack (4.1.1) lib/action_dispatch/middleware/static.rb:64:in `call'
  rack (1.5.2) lib/rack/sendfile.rb:112:in `call'
  railties (4.1.1) lib/rails/engine.rb:514:in `call'
  railties (4.1.1) lib/rails/application.rb:144:in `call'
  rack (1.5.2) lib/rack/lock.rb:17:in `call'
  rack (1.5.2) lib/rack/content_length.rb:14:in `call'
  rack (1.5.2) lib/rack/handler/webrick.rb:60:in `service'
  /usr/local/rvm/rubies/ruby-2.1.2/lib/ruby/2.1.0/webrick/httpserver.rb:138:in `service'
  /usr/local/rvm/rubies/ruby-2.1.2/lib/ruby/2.1.0/webrick/httpserver.rb:94:in `run'
  /usr/local/rvm/rubies/ruby-2.1.2/lib/ruby/2.1.0/webrick/server.rb:295:in `block in start_thread'


  Rendered /usr/local/rvm/gems/ruby-2.1.2/gems/actionpack-4.1.1/lib/action_dispatch/middleware/templates/rescues/_source.erb (0.6ms)
  Rendered /usr/local/rvm/gems/ruby-2.1.2/gems/actionpack-4.1.1/lib/action_dispatch/middleware/templates/rescues/_trace.html.erb (1.5ms)
  Rendered /usr/local/rvm/gems/ruby-2.1.2/gems/actionpack-4.1.1/lib/action_dispatch/middleware/templates/rescues/_request_and_response.html.erb (1.3ms)
  Rendered /usr/local/rvm/gems/ruby-2.1.2/gems/actionpack-4.1.1/lib/action_dispatch/middleware/templates/rescues/diagnostics.erb within rescues/layout (15.4ms)


Started GET "/articles/new" for 127.0.0.1 at 2014-06-02 09:49:16 +0600

AbstractController::ActionNotFound (The action 'new' could not be found for ArticlesController):
  actionpack (4.1.1) lib/abstract_controller/base.rb:131:in `process'
  actionview (4.1.1) lib/action_view/rendering.rb:30:in `process'
  actionpack (4.1.1) lib/action_controller/metal.rb:195:in `dispatch'
  actionpack (4.1.1) lib/action_controller/metal/rack_delegation.rb:13:in `dispatch'
  actionpack (4.1.1) lib/action_controller/metal.rb:231:in `block in action'
  actionpack (4.1.1) lib/action_dispatch/routing/route_set.rb:80:in `call'
  actionpack (4.1.1) lib/action_dispatch/routing/route_set.rb:80:in `dispatch'
  actionpack (4.1.1) lib/action_dispatch/routing/route_set.rb:48:in `call'
  actionpack (4.1.1) lib/action_dispatch/journey/router.rb:71:in `block in call'
  actionpack (4.1.1) lib/action_dispatch/journey/router.rb:59:in `each'
  actionpack (4.1.1) lib/action_dispatch/journey/router.rb:59:in `call'
  actionpack (4.1.1) lib/action_dispatch/routing/route_set.rb:676:in `call'
  rack (1.5.2) lib/rack/etag.rb:23:in `call'
  rack (1.5.2) lib/rack/conditionalget.rb:25:in `call'
  rack (1.5.2) lib/rack/head.rb:11:in `call'
  actionpack (4.1.1) lib/action_dispatch/middleware/params_parser.rb:27:in `call'
  actionpack (4.1.1) lib/action_dispatch/middleware/flash.rb:254:in `call'
  rack (1.5.2) lib/rack/session/abstract/id.rb:225:in `context'
  rack (1.5.2) lib/rack/session/abstract/id.rb:220:in `call'
  actionpack (4.1.1) lib/action_dispatch/middleware/cookies.rb:560:in `call'
  activerecord (4.1.1) lib/active_record/query_cache.rb:36:in `call'
  activerecord (4.1.1) lib/active_record/connection_adapters/abstract/connection_pool.rb:621:in `call'
  activerecord (4.1.1) lib/active_record/migration.rb:380:in `call'
  actionpack (4.1.1) lib/action_dispatch/middleware/callbacks.rb:29:in `block in call'
  activesupport (4.1.1) lib/active_support/callbacks.rb:82:in `run_callbacks'
  actionpack (4.1.1) lib/action_dispatch/middleware/callbacks.rb:27:in `call'
  actionpack (4.1.1) lib/action_dispatch/middleware/reloader.rb:73:in `call'
  actionpack (4.1.1) lib/action_dispatch/middleware/remote_ip.rb:76:in `call'
  actionpack (4.1.1) lib/action_dispatch/middleware/debug_exceptions.rb:17:in `call'
  actionpack (4.1.1) lib/action_dispatch/middleware/show_exceptions.rb:30:in `call'
  railties (4.1.1) lib/rails/rack/logger.rb:38:in `call_app'
  railties (4.1.1) lib/rails/rack/logger.rb:20:in `block in call'
  activesupport (4.1.1) lib/active_support/tagged_logging.rb:68:in `block in tagged'
  activesupport (4.1.1) lib/active_support/tagged_logging.rb:26:in `tagged'
  activesupport (4.1.1) lib/active_support/tagged_logging.rb:68:in `tagged'
  railties (4.1.1) lib/rails/rack/logger.rb:20:in `call'
  actionpack (4.1.1) lib/action_dispatch/middleware/request_id.rb:21:in `call'
  rack (1.5.2) lib/rack/methodoverride.rb:21:in `call'
  rack (1.5.2) lib/rack/runtime.rb:17:in `call'
  activesupport (4.1.1) lib/active_support/cache/strategy/local_cache_middleware.rb:26:in `call'
  rack (1.5.2) lib/rack/lock.rb:17:in `call'
  actionpack (4.1.1) lib/action_dispatch/middleware/static.rb:64:in `call'
  rack (1.5.2) lib/rack/sendfile.rb:112:in `call'
  railties (4.1.1) lib/rails/engine.rb:514:in `call'
  railties (4.1.1) lib/rails/application.rb:144:in `call'
  rack (1.5.2) lib/rack/lock.rb:17:in `call'
  rack (1.5.2) lib/rack/content_length.rb:14:in `call'
  rack (1.5.2) lib/rack/handler/webrick.rb:60:in `service'
  /usr/local/rvm/rubies/ruby-2.1.2/lib/ruby/2.1.0/webrick/httpserver.rb:138:in `service'
  /usr/local/rvm/rubies/ruby-2.1.2/lib/ruby/2.1.0/webrick/httpserver.rb:94:in `run'
  /usr/local/rvm/rubies/ruby-2.1.2/lib/ruby/2.1.0/webrick/server.rb:295:in `block in start_thread'


  Rendered /usr/local/rvm/gems/ruby-2.1.2/gems/actionpack-4.1.1/lib/action_dispatch/middleware/templates/rescues/unknown_action.html.erb within rescues/layout (1.4ms)


Started GET "/articles/new" for 127.0.0.1 at 2014-06-02 09:49:28 +0600
Processing by ArticlesController#new as HTML
Completed 500 Internal Server Error in 2ms

ActionView::MissingTemplate (Missing template articles/new, application/new with {:locale=>[:en], :formats=>[:html], :variants=>[], :handlers=>[:erb, :builder, :raw, :ruby, :jbuilder, :coffee]}. Searched in:
  * "/home/kadder/blog/app/views"
):
  actionview (4.1.1) lib/action_view/path_set.rb:46:in `find'
  actionview (4.1.1) lib/action_view/lookup_context.rb:124:in `find'
  actionview (4.1.1) lib/action_view/renderer/abstract_renderer.rb:18:in `find_template'
  actionview (4.1.1) lib/action_view/renderer/template_renderer.rb:41:in `determine_template'
  actionview (4.1.1) lib/action_view/renderer/template_renderer.rb:8:in `render'
  actionview (4.1.1) lib/action_view/renderer/renderer.rb:42:in `render_template'
  actionview (4.1.1) lib/action_view/renderer/renderer.rb:23:in `render'
  actionview (4.1.1) lib/action_view/rendering.rb:99:in `_render_template'
  actionpack (4.1.1) lib/action_controller/metal/streaming.rb:217:in `_render_template'
  actionview (4.1.1) lib/action_view/rendering.rb:82:in `render_to_body'
  actionpack (4.1.1) lib/action_controller/metal/rendering.rb:32:in `render_to_body'
  actionpack (4.1.1) lib/action_controller/metal/renderers.rb:32:in `render_to_body'
  actionpack (4.1.1) lib/abstract_controller/rendering.rb:25:in `render'
  actionpack (4.1.1) lib/action_controller/metal/rendering.rb:16:in `render'
  actionpack (4.1.1) lib/action_controller/metal/instrumentation.rb:41:in `block (2 levels) in render'
  activesupport (4.1.1) lib/active_support/core_ext/benchmark.rb:12:in `block in ms'
  /usr/local/rvm/rubies/ruby-2.1.2/lib/ruby/2.1.0/benchmark.rb:294:in `realtime'
  activesupport (4.1.1) lib/active_support/core_ext/benchmark.rb:12:in `ms'
  actionpack (4.1.1) lib/action_controller/metal/instrumentation.rb:41:in `block in render'
  actionpack (4.1.1) lib/action_controller/metal/instrumentation.rb:84:in `cleanup_view_runtime'
  activerecord (4.1.1) lib/active_record/railties/controller_runtime.rb:25:in `cleanup_view_runtime'
  actionpack (4.1.1) lib/action_controller/metal/instrumentation.rb:40:in `render'
  actionpack (4.1.1) lib/action_controller/metal/implicit_render.rb:10:in `default_render'
  actionpack (4.1.1) lib/action_controller/metal/implicit_render.rb:5:in `send_action'
  actionpack (4.1.1) lib/abstract_controller/base.rb:189:in `process_action'
  actionpack (4.1.1) lib/action_controller/metal/rendering.rb:10:in `process_action'
  actionpack (4.1.1) lib/abstract_controller/callbacks.rb:20:in `block in process_action'
  activesupport (4.1.1) lib/active_support/callbacks.rb:113:in `call'
  activesupport (4.1.1) lib/active_support/callbacks.rb:113:in `call'
  activesupport (4.1.1) lib/active_support/callbacks.rb:229:in `block in halting'
  activesupport (4.1.1) lib/active_support/callbacks.rb:229:in `call'
  activesupport (4.1.1) lib/active_support/callbacks.rb:229:in `block in halting'
  activesupport (4.1.1) lib/active_support/callbacks.rb:166:in `call'
  activesupport (4.1.1) lib/active_support/callbacks.rb:166:in `block in halting'
  activesupport (4.1.1) lib/active_support/callbacks.rb:166:in `call'
  activesupport (4.1.1) lib/active_support/callbacks.rb:166:in `block in halting'
  activesupport (4.1.1) lib/active_support/callbacks.rb:166:in `call'
  activesupport (4.1.1) lib/active_support/callbacks.rb:166:in `block in halting'
  activesupport (4.1.1) lib/active_support/callbacks.rb:86:in `call'
  activesupport (4.1.1) lib/active_support/callbacks.rb:86:in `run_callbacks'
  actionpack (4.1.1) lib/abstract_controller/callbacks.rb:19:in `process_action'
  actionpack (4.1.1) lib/action_controller/metal/rescue.rb:29:in `process_action'
  actionpack (4.1.1) lib/action_controller/metal/instrumentation.rb:31:in `block in process_action'
  activesupport (4.1.1) lib/active_support/notifications.rb:159:in `block in instrument'
  activesupport (4.1.1) lib/active_support/notifications/instrumenter.rb:20:in `instrument'
  activesupport (4.1.1) lib/active_support/notifications.rb:159:in `instrument'
  actionpack (4.1.1) lib/action_controller/metal/instrumentation.rb:30:in `process_action'
  actionpack (4.1.1) lib/action_controller/metal/params_wrapper.rb:250:in `process_action'
  activerecord (4.1.1) lib/active_record/railties/controller_runtime.rb:18:in `process_action'
  actionpack (4.1.1) lib/abstract_controller/base.rb:136:in `process'
  actionview (4.1.1) lib/action_view/rendering.rb:30:in `process'
  actionpack (4.1.1) lib/action_controller/metal.rb:195:in `dispatch'
  actionpack (4.1.1) lib/action_controller/metal/rack_delegation.rb:13:in `dispatch'
  actionpack (4.1.1) lib/action_controller/metal.rb:231:in `block in action'
  actionpack (4.1.1) lib/action_dispatch/routing/route_set.rb:80:in `call'
  actionpack (4.1.1) lib/action_dispatch/routing/route_set.rb:80:in `dispatch'
  actionpack (4.1.1) lib/action_dispatch/routing/route_set.rb:48:in `call'
  actionpack (4.1.1) lib/action_dispatch/journey/router.rb:71:in `block in call'
  actionpack (4.1.1) lib/action_dispatch/journey/router.rb:59:in `each'
  actionpack (4.1.1) lib/action_dispatch/journey/router.rb:59:in `call'
  actionpack (4.1.1) lib/action_dispatch/routing/route_set.rb:676:in `call'
  rack (1.5.2) lib/rack/etag.rb:23:in `call'
  rack (1.5.2) lib/rack/conditionalget.rb:25:in `call'
  rack (1.5.2) lib/rack/head.rb:11:in `call'
  actionpack (4.1.1) lib/action_dispatch/middleware/params_parser.rb:27:in `call'
  actionpack (4.1.1) lib/action_dispatch/middleware/flash.rb:254:in `call'
  rack (1.5.2) lib/rack/session/abstract/id.rb:225:in `context'
  rack (1.5.2) lib/rack/session/abstract/id.rb:220:in `call'
  actionpack (4.1.1) lib/action_dispatch/middleware/cookies.rb:560:in `call'
  activerecord (4.1.1) lib/active_record/query_cache.rb:36:in `call'
  activerecord (4.1.1) lib/active_record/connection_adapters/abstract/connection_pool.rb:621:in `call'
  activerecord (4.1.1) lib/active_record/migration.rb:380:in `call'
  actionpack (4.1.1) lib/action_dispatch/middleware/callbacks.rb:29:in `block in call'
  activesupport (4.1.1) lib/active_support/callbacks.rb:82:in `run_callbacks'
  actionpack (4.1.1) lib/action_dispatch/middleware/callbacks.rb:27:in `call'
  actionpack (4.1.1) lib/action_dispatch/middleware/reloader.rb:73:in `call'
  actionpack (4.1.1) lib/action_dispatch/middleware/remote_ip.rb:76:in `call'
  actionpack (4.1.1) lib/action_dispatch/middleware/debug_exceptions.rb:17:in `call'
  actionpack (4.1.1) lib/action_dispatch/middleware/show_exceptions.rb:30:in `call'
  railties (4.1.1) lib/rails/rack/logger.rb:38:in `call_app'
  railties (4.1.1) lib/rails/rack/logger.rb:20:in `block in call'
  activesupport (4.1.1) lib/active_support/tagged_logging.rb:68:in `block in tagged'
  activesupport (4.1.1) lib/active_support/tagged_logging.rb:26:in `tagged'
  activesupport (4.1.1) lib/active_support/tagged_logging.rb:68:in `tagged'
  railties (4.1.1) lib/rails/rack/logger.rb:20:in `call'
  actionpack (4.1.1) lib/action_dispatch/middleware/request_id.rb:21:in `call'
  rack (1.5.2) lib/rack/methodoverride.rb:21:in `call'
  rack (1.5.2) lib/rack/runtime.rb:17:in `call'
  activesupport (4.1.1) lib/active_support/cache/strategy/local_cache_middleware.rb:26:in `call'
  rack (1.5.2) lib/rack/lock.rb:17:in `call'
  actionpack (4.1.1) lib/action_dispatch/middleware/static.rb:64:in `call'
  rack (1.5.2) lib/rack/sendfile.rb:112:in `call'
  railties (4.1.1) lib/rails/engine.rb:514:in `call'
  railties (4.1.1) lib/rails/application.rb:144:in `call'
  rack (1.5.2) lib/rack/lock.rb:17:in `call'
  rack (1.5.2) lib/rack/content_length.rb:14:in `call'
  rack (1.5.2) lib/rack/handler/webrick.rb:60:in `service'
  /usr/local/rvm/rubies/ruby-2.1.2/lib/ruby/2.1.0/webrick/httpserver.rb:138:in `service'
  /usr/local/rvm/rubies/ruby-2.1.2/lib/ruby/2.1.0/webrick/httpserver.rb:94:in `run'
  /usr/local/rvm/rubies/ruby-2.1.2/lib/ruby/2.1.0/webrick/server.rb:295:in `block in start_thread'


  Rendered /usr/local/rvm/gems/ruby-2.1.2/gems/actionpack-4.1.1/lib/action_dispatch/middleware/templates/rescues/missing_template.html.erb within rescues/layout (0.5ms)


Started GET "/" for 127.0.0.1 at 2014-06-02 09:49:48 +0600
Processing by WelcomeController#index as HTML
  Rendered welcome/index.html.erb within layouts/application (0.1ms)
Completed 200 OK in 7ms (Views: 6.0ms | ActiveRecord: 0.0ms)


Started GET "/assets/articles.css?body=1" for 127.0.0.1 at 2014-06-02 09:49:49 +0600


Started GET "/assets/welcome.css?body=1" for 127.0.0.1 at 2014-06-02 09:49:49 +0600


Started GET "/assets/turbolinks.js?body=1" for 127.0.0.1 at 2014-06-02 09:49:49 +0600


Started GET "/assets/jquery.js?body=1" for 127.0.0.1 at 2014-06-02 09:49:49 +0600


Started GET "/assets/application.css?body=1" for 127.0.0.1 at 2014-06-02 09:49:49 +0600


Started GET "/assets/articles.js?body=1" for 127.0.0.1 at 2014-06-02 09:49:49 +0600


Started GET "/assets/jquery_ujs.js?body=1" for 127.0.0.1 at 2014-06-02 09:49:49 +0600


Started GET "/assets/welcome.js?body=1" for 127.0.0.1 at 2014-06-02 09:49:49 +0600


Started GET "/assets/application.js?body=1" for 127.0.0.1 at 2014-06-02 09:49:49 +0600


Started GET "/" for 127.0.0.1 at 2014-06-02 16:40:23 +0600
Processing by WelcomeController#index as HTML
  Rendered welcome/index.html.erb within layouts/application (1.0ms)
Completed 200 OK in 383ms (Views: 373.6ms | ActiveRecord: 0.0ms)


Started GET "/assets/articles.css?body=1" for 127.0.0.1 at 2014-06-02 16:40:24 +0600


Started GET "/assets/welcome.css?body=1" for 127.0.0.1 at 2014-06-02 16:40:24 +0600


Started GET "/assets/application.css?body=1" for 127.0.0.1 at 2014-06-02 16:40:24 +0600


Started GET "/assets/jquery.js?body=1" for 127.0.0.1 at 2014-06-02 16:40:24 +0600


Started GET "/assets/articles.js?body=1" for 127.0.0.1 at 2014-06-02 16:40:24 +0600


Started GET "/assets/jquery_ujs.js?body=1" for 127.0.0.1 at 2014-06-02 16:40:24 +0600


Started GET "/assets/turbolinks.js?body=1" for 127.0.0.1 at 2014-06-02 16:40:24 +0600


Started GET "/assets/welcome.js?body=1" for 127.0.0.1 at 2014-06-02 16:40:24 +0600


Started GET "/assets/application.js?body=1" for 127.0.0.1 at 2014-06-02 16:40:24 +0600


Started GET "/" for 127.0.0.1 at 2014-06-03 15:35:37 +0600
Processing by WelcomeController#index as HTML
  Rendered welcome/index.html.erb within layouts/application (2.7ms)
Completed 200 OK in 266ms (Views: 256.6ms | ActiveRecord: 0.0ms)


Started GET "/assets/articles.css?body=1" for 127.0.0.1 at 2014-06-03 15:35:38 +0600


Started GET "/assets/welcome.css?body=1" for 127.0.0.1 at 2014-06-03 15:35:38 +0600


Started GET "/assets/application.css?body=1" for 127.0.0.1 at 2014-06-03 15:35:38 +0600


Started GET "/assets/jquery.js?body=1" for 127.0.0.1 at 2014-06-03 15:35:38 +0600


Started GET "/assets/turbolinks.js?body=1" for 127.0.0.1 at 2014-06-03 15:35:38 +0600


Started GET "/assets/jquery_ujs.js?body=1" for 127.0.0.1 at 2014-06-03 15:35:38 +0600


Started GET "/assets/articles.js?body=1" for 127.0.0.1 at 2014-06-03 15:35:38 +0600


Started GET "/assets/welcome.js?body=1" for 127.0.0.1 at 2014-06-03 15:35:38 +0600


Started GET "/assets/application.js?body=1" for 127.0.0.1 at 2014-06-03 15:35:38 +0600


Started GET "/articles/new" for 127.0.0.1 at 2014-06-03 15:35:46 +0600
Processing by ArticlesController#new as HTML
  Rendered articles/new.html.erb within layouts/application (1.0ms)
Completed 200 OK in 47ms (Views: 46.4ms | ActiveRecord: 0.0ms)


Started GET "/assets/jquery.js?body=1" for 127.0.0.1 at 2014-06-03 15:35:46 +0600


Started GET "/assets/application.css?body=1" for 127.0.0.1 at 2014-06-03 15:35:46 +0600


Started GET "/assets/welcome.css?body=1" for 127.0.0.1 at 2014-06-03 15:35:46 +0600


Started GET "/assets/articles.css?body=1" for 127.0.0.1 at 2014-06-03 15:35:46 +0600


Started GET "/assets/jquery_ujs.js?body=1" for 127.0.0.1 at 2014-06-03 15:35:46 +0600


Started GET "/assets/turbolinks.js?body=1" for 127.0.0.1 at 2014-06-03 15:35:46 +0600


Started GET "/assets/articles.js?body=1" for 127.0.0.1 at 2014-06-03 15:35:46 +0600


Started GET "/assets/application.js?body=1" for 127.0.0.1 at 2014-06-03 15:35:46 +0600


Started GET "/assets/welcome.js?body=1" for 127.0.0.1 at 2014-06-03 15:35:46 +0600


Started GET "/articles/new" for 127.0.0.1 at 2014-06-03 15:35:50 +0600
Processing by ArticlesController#new as HTML
  Rendered articles/new.html.erb within layouts/application (0.1ms)
Completed 200 OK in 8ms (Views: 6.8ms | ActiveRecord: 0.0ms)


Started GET "/assets/articles.css?body=1" for 127.0.0.1 at 2014-06-03 15:35:50 +0600


Started GET "/assets/welcome.css?body=1" for 127.0.0.1 at 2014-06-03 15:35:50 +0600


Started GET "/assets/jquery_ujs.js?body=1" for 127.0.0.1 at 2014-06-03 15:35:50 +0600


Started GET "/assets/jquery.js?body=1" for 127.0.0.1 at 2014-06-03 15:35:50 +0600


Started GET "/assets/application.css?body=1" for 127.0.0.1 at 2014-06-03 15:35:50 +0600


Started GET "/assets/turbolinks.js?body=1" for 127.0.0.1 at 2014-06-03 15:35:50 +0600


Started GET "/assets/articles.js?body=1" for 127.0.0.1 at 2014-06-03 15:35:50 +0600


Started GET "/assets/welcome.js?body=1" for 127.0.0.1 at 2014-06-03 15:35:50 +0600


Started GET "/assets/application.js?body=1" for 127.0.0.1 at 2014-06-03 15:35:50 +0600


Started GET "/articles/new" for 127.0.0.1 at 2014-06-03 15:41:11 +0600
Processing by ArticlesController#new as HTML
  Rendered articles/new.html.erb within layouts/application (0.0ms)
Completed 200 OK in 5ms (Views: 4.1ms | ActiveRecord: 0.0ms)


Started GET "/assets/articles.css?body=1" for 127.0.0.1 at 2014-06-03 15:41:11 +0600


Started GET "/assets/welcome.css?body=1" for 127.0.0.1 at 2014-06-03 15:41:11 +0600


Started GET "/assets/turbolinks.js?body=1" for 127.0.0.1 at 2014-06-03 15:41:11 +0600


Started GET "/assets/jquery.js?body=1" for 127.0.0.1 at 2014-06-03 15:41:11 +0600


Started GET "/assets/application.css?body=1" for 127.0.0.1 at 2014-06-03 15:41:11 +0600


Started GET "/assets/jquery_ujs.js?body=1" for 127.0.0.1 at 2014-06-03 15:41:11 +0600


Started GET "/assets/articles.js?body=1" for 127.0.0.1 at 2014-06-03 15:41:11 +0600


Started GET "/assets/welcome.js?body=1" for 127.0.0.1 at 2014-06-03 15:41:11 +0600


Started GET "/assets/application.js?body=1" for 127.0.0.1 at 2014-06-03 15:41:11 +0600


Started GET "/articles/new" for 127.0.0.1 at 2014-06-03 15:41:13 +0600
Processing by ArticlesController#new as HTML
  Rendered articles/new.html.erb within layouts/application (0.0ms)
Completed 200 OK in 23ms (Views: 4.0ms | ActiveRecord: 0.0ms)


Started GET "/assets/articles.css?body=1" for 127.0.0.1 at 2014-06-03 15:41:13 +0600


Started GET "/assets/application.css?body=1" for 127.0.0.1 at 2014-06-03 15:41:13 +0600


Started GET "/assets/welcome.css?body=1" for 127.0.0.1 at 2014-06-03 15:41:13 +0600


Started GET "/assets/jquery.js?body=1" for 127.0.0.1 at 2014-06-03 15:41:13 +0600


Started GET "/assets/jquery_ujs.js?body=1" for 127.0.0.1 at 2014-06-03 15:41:13 +0600


Started GET "/assets/turbolinks.js?body=1" for 127.0.0.1 at 2014-06-03 15:41:13 +0600


Started GET "/assets/articles.js?body=1" for 127.0.0.1 at 2014-06-03 15:41:13 +0600


Started GET "/assets/welcome.js?body=1" for 127.0.0.1 at 2014-06-03 15:41:13 +0600


Started GET "/assets/application.js?body=1" for 127.0.0.1 at 2014-06-03 15:41:13 +0600


Started GET "/articles/new" for 127.0.0.1 at 2014-06-03 15:41:14 +0600
Processing by ArticlesController#new as HTML
  Rendered articles/new.html.erb within layouts/application (0.0ms)
Completed 200 OK in 5ms (Views: 4.4ms | ActiveRecord: 0.0ms)


Started GET "/assets/welcome.css?body=1" for 127.0.0.1 at 2014-06-03 15:41:14 +0600


Started GET "/assets/articles.css?body=1" for 127.0.0.1 at 2014-06-03 15:41:14 +0600


Started GET "/assets/application.css?body=1" for 127.0.0.1 at 2014-06-03 15:41:14 +0600


Started GET "/assets/jquery.js?body=1" for 127.0.0.1 at 2014-06-03 15:41:14 +0600


Started GET "/assets/articles.js?body=1" for 127.0.0.1 at 2014-06-03 15:41:14 +0600


Started GET "/assets/turbolinks.js?body=1" for 127.0.0.1 at 2014-06-03 15:41:14 +0600


Started GET "/assets/jquery_ujs.js?body=1" for 127.0.0.1 at 2014-06-03 15:41:14 +0600


Started GET "/assets/welcome.js?body=1" for 127.0.0.1 at 2014-06-03 15:41:14 +0600


Started GET "/assets/application.js?body=1" for 127.0.0.1 at 2014-06-03 15:41:14 +0600


Started GET "/articles/new" for 127.0.0.1 at 2014-06-03 15:45:41 +0600
Processing by ArticlesController#new as HTML
  Rendered articles/new.html.erb within layouts/application (0.0ms)
Completed 200 OK in 4ms (Views: 3.9ms | ActiveRecord: 0.0ms)


Started GET "/assets/articles.css?body=1" for 127.0.0.1 at 2014-06-03 15:45:41 +0600


Started GET "/assets/welcome.css?body=1" for 127.0.0.1 at 2014-06-03 15:45:41 +0600


Started GET "/assets/application.css?body=1" for 127.0.0.1 at 2014-06-03 15:45:41 +0600


Started GET "/assets/jquery.js?body=1" for 127.0.0.1 at 2014-06-03 15:45:41 +0600


Started GET "/assets/jquery_ujs.js?body=1" for 127.0.0.1 at 2014-06-03 15:45:41 +0600


Started GET "/assets/welcome.js?body=1" for 127.0.0.1 at 2014-06-03 15:45:41 +0600


Started GET "/assets/turbolinks.js?body=1" for 127.0.0.1 at 2014-06-03 15:45:41 +0600


Started GET "/assets/articles.js?body=1" for 127.0.0.1 at 2014-06-03 15:45:41 +0600


Started GET "/assets/application.js?body=1" for 127.0.0.1 at 2014-06-03 15:45:41 +0600


Started GET "/articles/new" for 127.0.0.1 at 2014-06-03 15:45:41 +0600
Processing by ArticlesController#new as HTML
  Rendered articles/new.html.erb within layouts/application (0.1ms)
Completed 200 OK in 6ms (Views: 4.9ms | ActiveRecord: 0.0ms)


Started GET "/assets/welcome.css?body=1" for 127.0.0.1 at 2014-06-03 15:45:41 +0600


Started GET "/assets/application.css?body=1" for 127.0.0.1 at 2014-06-03 15:45:41 +0600


Started GET "/assets/jquery_ujs.js?body=1" for 127.0.0.1 at 2014-06-03 15:45:41 +0600


Started GET "/assets/articles.css?body=1" for 127.0.0.1 at 2014-06-03 15:45:41 +0600


Started GET "/assets/jquery.js?body=1" for 127.0.0.1 at 2014-06-03 15:45:41 +0600


Started GET "/assets/articles.js?body=1" for 127.0.0.1 at 2014-06-03 15:45:41 +0600


Started GET "/assets/turbolinks.js?body=1" for 127.0.0.1 at 2014-06-03 15:45:41 +0600


Started GET "/assets/welcome.js?body=1" for 127.0.0.1 at 2014-06-03 15:45:41 +0600


Started GET "/assets/application.js?body=1" for 127.0.0.1 at 2014-06-03 15:45:41 +0600


Started GET "/articles/new" for 127.0.0.1 at 2014-06-03 15:45:41 +0600
Processing by ArticlesController#new as HTML
  Rendered articles/new.html.erb within layouts/application (0.0ms)
Completed 200 OK in 6ms (Views: 5.4ms | ActiveRecord: 0.0ms)


Started GET "/articles/new" for 127.0.0.1 at 2014-06-03 15:45:41 +0600
Processing by ArticlesController#new as HTML
  Rendered articles/new.html.erb within layouts/application (0.1ms)
Completed 200 OK in 6ms (Views: 4.6ms | ActiveRecord: 0.0ms)


Started GET "/articles/new" for 127.0.0.1 at 2014-06-03 15:45:41 +0600
Processing by ArticlesController#new as HTML
  Rendered articles/new.html.erb within layouts/application (0.1ms)
Completed 200 OK in 6ms (Views: 5.4ms | ActiveRecord: 0.0ms)


Started GET "/articles/new" for 127.0.0.1 at 2014-06-03 15:45:42 +0600
Processing by ArticlesController#new as HTML
  Rendered articles/new.html.erb within layouts/application (0.1ms)
Completed 200 OK in 8ms (Views: 6.9ms | ActiveRecord: 0.0ms)


Started GET "/articles/new" for 127.0.0.1 at 2014-06-03 15:45:42 +0600
Processing by ArticlesController#new as HTML
  Rendered articles/new.html.erb within layouts/application (0.1ms)
Completed 200 OK in 9ms (Views: 7.3ms | ActiveRecord: 0.0ms)


Started GET "/articles/new" for 127.0.0.1 at 2014-06-03 15:45:42 +0600
Processing by ArticlesController#new as HTML
  Rendered articles/new.html.erb within layouts/application (0.1ms)
Completed 200 OK in 10ms (Views: 8.9ms | ActiveRecord: 0.0ms)


Started GET "/articles/new" for 127.0.0.1 at 2014-06-03 15:45:42 +0600
Processing by ArticlesController#new as HTML
  Rendered articles/new.html.erb within layouts/application (0.1ms)
Completed 200 OK in 8ms (Views: 6.9ms | ActiveRecord: 0.0ms)


Started GET "/articles/new" for 127.0.0.1 at 2014-06-03 15:45:42 +0600
Processing by ArticlesController#new as HTML
  Rendered articles/new.html.erb within layouts/application (0.1ms)
Completed 200 OK in 6ms (Views: 5.1ms | ActiveRecord: 0.0ms)


Started GET "/articles/new" for 127.0.0.1 at 2014-06-03 15:45:42 +0600
Processing by ArticlesController#new as HTML
  Rendered articles/new.html.erb within layouts/application (0.1ms)
Completed 200 OK in 10ms (Views: 8.8ms | ActiveRecord: 0.0ms)


Started GET "/articles/new" for 127.0.0.1 at 2014-06-03 15:45:42 +0600
Processing by ArticlesController#new as HTML
  Rendered articles/new.html.erb within layouts/application (0.0ms)
Completed 200 OK in 5ms (Views: 4.4ms | ActiveRecord: 0.0ms)


Started GET "/assets/articles.css?body=1" for 127.0.0.1 at 2014-06-03 15:45:42 +0600


Started GET "/assets/application.css?body=1" for 127.0.0.1 at 2014-06-03 15:45:42 +0600


Started GET "/assets/jquery.js?body=1" for 127.0.0.1 at 2014-06-03 15:45:42 +0600


Started GET "/assets/welcome.css?body=1" for 127.0.0.1 at 2014-06-03 15:45:42 +0600


Started GET "/assets/jquery_ujs.js?body=1" for 127.0.0.1 at 2014-06-03 15:45:42 +0600


Started GET "/assets/turbolinks.js?body=1" for 127.0.0.1 at 2014-06-03 15:45:42 +0600


Started GET "/assets/jquery_ujs.js?body=1" for 127.0.0.1 at 2014-06-03 15:45:42 +0600


Started GET "/articles/new" for 127.0.0.1 at 2014-06-03 15:45:42 +0600
Processing by ArticlesController#new as HTML
  Rendered articles/new.html.erb within layouts/application (0.0ms)
Completed 200 OK in 5ms (Views: 4.1ms | ActiveRecord: 0.0ms)


Started GET "/articles/new" for 127.0.0.1 at 2014-06-03 15:45:42 +0600
Processing by ArticlesController#new as HTML
  Rendered articles/new.html.erb within layouts/application (0.1ms)
Completed 200 OK in 7ms (Views: 6.4ms | ActiveRecord: 0.0ms)


Started GET "/articles/new" for 127.0.0.1 at 2014-06-03 15:45:42 +0600
Processing by ArticlesController#new as HTML
  Rendered articles/new.html.erb within layouts/application (0.1ms)
Completed 200 OK in 6ms (Views: 5.4ms | ActiveRecord: 0.0ms)


Started GET "/articles/new" for 127.0.0.1 at 2014-06-03 15:45:42 +0600
Processing by ArticlesController#new as HTML
  Rendered articles/new.html.erb within layouts/application (0.1ms)
Completed 200 OK in 8ms (Views: 7.6ms | ActiveRecord: 0.0ms)


Started GET "/articles/new" for 127.0.0.1 at 2014-06-03 15:45:42 +0600
Processing by ArticlesController#new as HTML
  Rendered articles/new.html.erb within layouts/application (0.0ms)
Completed 200 OK in 5ms (Views: 4.4ms | ActiveRecord: 0.0ms)


Started GET "/articles/new" for 127.0.0.1 at 2014-06-03 15:45:42 +0600
Processing by ArticlesController#new as HTML
  Rendered articles/new.html.erb within layouts/application (0.1ms)
Completed 200 OK in 7ms (Views: 5.8ms | ActiveRecord: 0.0ms)


Started GET "/articles/new" for 127.0.0.1 at 2014-06-03 15:45:42 +0600
Processing by ArticlesController#new as HTML
  Rendered articles/new.html.erb within layouts/application (0.1ms)
Completed 200 OK in 12ms (Views: 10.6ms | ActiveRecord: 0.0ms)


Started GET "/articles/new" for 127.0.0.1 at 2014-06-03 15:45:42 +0600
Processing by ArticlesController#new as HTML
  Rendered articles/new.html.erb within layouts/application (0.1ms)
Completed 200 OK in 7ms (Views: 6.0ms | ActiveRecord: 0.0ms)


Started GET "/articles/new" for 127.0.0.1 at 2014-06-03 15:45:42 +0600
Processing by ArticlesController#new as HTML
  Rendered articles/new.html.erb within layouts/application (0.1ms)
Completed 200 OK in 9ms (Views: 7.8ms | ActiveRecord: 0.0ms)


Started GET "/articles/new" for 127.0.0.1 at 2014-06-03 15:45:42 +0600
Processing by ArticlesController#new as HTML
  Rendered articles/new.html.erb within layouts/application (0.1ms)
Completed 200 OK in 9ms (Views: 8.4ms | ActiveRecord: 0.0ms)


Started GET "/articles/new" for 127.0.0.1 at 2014-06-03 15:45:42 +0600
Processing by ArticlesController#new as HTML
  Rendered articles/new.html.erb within layouts/application (0.0ms)
Completed 200 OK in 5ms (Views: 4.2ms | ActiveRecord: 0.0ms)


Started GET "/articles/new" for 127.0.0.1 at 2014-06-03 15:45:42 +0600
Processing by ArticlesController#new as HTML
  Rendered articles/new.html.erb within layouts/application (0.1ms)
Completed 200 OK in 8ms (Views: 6.9ms | ActiveRecord: 0.0ms)


Started GET "/articles/new" for 127.0.0.1 at 2014-06-03 15:45:42 +0600
Processing by ArticlesController#new as HTML
  Rendered articles/new.html.erb within layouts/application (0.1ms)
Completed 200 OK in 7ms (Views: 6.3ms | ActiveRecord: 0.0ms)


Started GET "/articles/new" for 127.0.0.1 at 2014-06-03 15:45:43 +0600
Processing by ArticlesController#new as HTML
  Rendered articles/new.html.erb within layouts/application (0.1ms)
Completed 200 OK in 8ms (Views: 6.9ms | ActiveRecord: 0.0ms)


Started GET "/articles/new" for 127.0.0.1 at 2014-06-03 15:45:43 +0600
Processing by ArticlesController#new as HTML
  Rendered articles/new.html.erb within layouts/application (0.1ms)
Completed 200 OK in 7ms (Views: 6.4ms | ActiveRecord: 0.0ms)


Started GET "/articles/new" for 127.0.0.1 at 2014-06-03 15:45:43 +0600
Processing by ArticlesController#new as HTML
  Rendered articles/new.html.erb within layouts/application (0.1ms)
Completed 200 OK in 7ms (Views: 6.1ms | ActiveRecord: 0.0ms)


Started GET "/articles/new" for 127.0.0.1 at 2014-06-03 15:45:43 +0600
Processing by ArticlesController#new as HTML
  Rendered articles/new.html.erb within layouts/application (0.1ms)
Completed 200 OK in 6ms (Views: 5.2ms | ActiveRecord: 0.0ms)


Started GET "/articles/new" for 127.0.0.1 at 2014-06-03 15:45:43 +0600
Processing by ArticlesController#new as HTML
  Rendered articles/new.html.erb within layouts/application (0.0ms)
Completed 200 OK in 5ms (Views: 4.5ms | ActiveRecord: 0.0ms)


Started GET "/articles/new" for 127.0.0.1 at 2014-06-03 15:45:43 +0600
Processing by ArticlesController#new as HTML
  Rendered articles/new.html.erb within layouts/application (0.1ms)
Completed 200 OK in 37ms (Views: 36.3ms | ActiveRecord: 0.0ms)


Started GET "/articles/new" for 127.0.0.1 at 2014-06-03 15:45:43 +0600
Processing by ArticlesController#new as HTML
  Rendered articles/new.html.erb within layouts/application (0.1ms)
Completed 200 OK in 7ms (Views: 6.9ms | ActiveRecord: 0.0ms)


Started GET "/articles/new" for 127.0.0.1 at 2014-06-03 15:45:43 +0600
Processing by ArticlesController#new as HTML
  Rendered articles/new.html.erb within layouts/application (0.1ms)
Completed 200 OK in 6ms (Views: 5.0ms | ActiveRecord: 0.0ms)


Started GET "/articles/new" for 127.0.0.1 at 2014-06-03 15:45:43 +0600
Processing by ArticlesController#new as HTML
  Rendered articles/new.html.erb within layouts/application (0.1ms)
Completed 200 OK in 7ms (Views: 6.2ms | ActiveRecord: 0.0ms)


Started GET "/articles/new" for 127.0.0.1 at 2014-06-03 15:45:43 +0600
Processing by ArticlesController#new as HTML
  Rendered articles/new.html.erb within layouts/application (0.1ms)
Completed 200 OK in 6ms (Views: 5.4ms | ActiveRecord: 0.0ms)


Started GET "/articles/new" for 127.0.0.1 at 2014-06-03 15:45:43 +0600
Processing by ArticlesController#new as HTML
  Rendered articles/new.html.erb within layouts/application (0.1ms)
Completed 200 OK in 6ms (Views: 5.9ms | ActiveRecord: 0.0ms)


Started GET "/articles/new" for 127.0.0.1 at 2014-06-03 15:45:43 +0600
Processing by ArticlesController#new as HTML
  Rendered articles/new.html.erb within layouts/application (0.1ms)
Completed 200 OK in 11ms (Views: 10.6ms | ActiveRecord: 0.0ms)


Started GET "/articles/new" for 127.0.0.1 at 2014-06-03 15:45:43 +0600
Processing by ArticlesController#new as HTML
  Rendered articles/new.html.erb within layouts/application (0.1ms)
Completed 200 OK in 8ms (Views: 7.0ms | ActiveRecord: 0.0ms)


Started GET "/articles/new" for 127.0.0.1 at 2014-06-03 15:45:43 +0600
Processing by ArticlesController#new as HTML
  Rendered articles/new.html.erb within layouts/application (0.1ms)
Completed 200 OK in 7ms (Views: 6.5ms | ActiveRecord: 0.0ms)


Started GET "/articles/new" for 127.0.0.1 at 2014-06-03 15:45:43 +0600
Processing by ArticlesController#new as HTML
  Rendered articles/new.html.erb within layouts/application (0.1ms)
Completed 200 OK in 9ms (Views: 8.2ms | ActiveRecord: 0.0ms)


Started GET "/articles/new" for 127.0.0.1 at 2014-06-03 15:45:43 +0600
Processing by ArticlesController#new as HTML
  Rendered articles/new.html.erb within layouts/application (0.1ms)
Completed 200 OK in 7ms (Views: 6.2ms | ActiveRecord: 0.0ms)


Started GET "/articles/new" for 127.0.0.1 at 2014-06-03 15:45:43 +0600
Processing by ArticlesController#new as HTML
  Rendered articles/new.html.erb within layouts/application (0.1ms)
Completed 200 OK in 8ms (Views: 7.0ms | ActiveRecord: 0.0ms)


Started GET "/articles/new" for 127.0.0.1 at 2014-06-03 15:45:44 +0600
Processing by ArticlesController#new as HTML
  Rendered articles/new.html.erb within layouts/application (0.1ms)
Completed 200 OK in 10ms (Views: 8.9ms | ActiveRecord: 0.0ms)


Started GET "/articles/new" for 127.0.0.1 at 2014-06-03 15:45:44 +0600
Processing by ArticlesController#new as HTML
  Rendered articles/new.html.erb within layouts/application (0.2ms)
Completed 200 OK in 9ms (Views: 7.6ms | ActiveRecord: 0.0ms)


Started GET "/articles/new" for 127.0.0.1 at 2014-06-03 15:45:44 +0600
Processing by ArticlesController#new as HTML
  Rendered articles/new.html.erb within layouts/application (0.0ms)
Completed 200 OK in 4ms (Views: 4.0ms | ActiveRecord: 0.0ms)


Started GET "/articles/new" for 127.0.0.1 at 2014-06-03 15:45:44 +0600
Processing by ArticlesController#new as HTML
  Rendered articles/new.html.erb within layouts/application (0.1ms)
Completed 200 OK in 9ms (Views: 8.6ms | ActiveRecord: 0.0ms)


Started GET "/articles/new" for 127.0.0.1 at 2014-06-03 15:45:44 +0600
Processing by ArticlesController#new as HTML
  Rendered articles/new.html.erb within layouts/application (0.1ms)
Completed 200 OK in 5ms (Views: 4.7ms | ActiveRecord: 0.0ms)


Started GET "/assets/articles.css?body=1" for 127.0.0.1 at 2014-06-03 15:45:44 +0600


Started GET "/assets/welcome.css?body=1" for 127.0.0.1 at 2014-06-03 15:45:44 +0600


Started GET "/assets/application.css?body=1" for 127.0.0.1 at 2014-06-03 15:45:44 +0600


Started GET "/assets/jquery.js?body=1" for 127.0.0.1 at 2014-06-03 15:45:44 +0600


Started GET "/assets/welcome.js?body=1" for 127.0.0.1 at 2014-06-03 15:45:44 +0600


Started GET "/assets/articles.js?body=1" for 127.0.0.1 at 2014-06-03 15:45:44 +0600


Started GET "/assets/jquery_ujs.js?body=1" for 127.0.0.1 at 2014-06-03 15:45:44 +0600


Started GET "/assets/turbolinks.js?body=1" for 127.0.0.1 at 2014-06-03 15:45:44 +0600


Started GET "/assets/application.js?body=1" for 127.0.0.1 at 2014-06-03 15:45:44 +0600


Started GET "/welcome/index" for 127.0.0.1 at 2014-06-03 15:48:00 +0600
Processing by WelcomeController#index as HTML
  Rendered welcome/index.html.erb within layouts/application (0.1ms)
Completed 200 OK in 7ms (Views: 6.0ms | ActiveRecord: 0.0ms)


Started GET "/assets/welcome.css?body=1" for 127.0.0.1 at 2014-06-03 15:48:01 +0600


Started GET "/assets/articles.css?body=1" for 127.0.0.1 at 2014-06-03 15:48:01 +0600


Started GET "/assets/application.css?body=1" for 127.0.0.1 at 2014-06-03 15:48:01 +0600


Started GET "/assets/jquery.js?body=1" for 127.0.0.1 at 2014-06-03 15:48:01 +0600


Started GET "/assets/jquery_ujs.js?body=1" for 127.0.0.1 at 2014-06-03 15:48:01 +0600


Started GET "/assets/turbolinks.js?body=1" for 127.0.0.1 at 2014-06-03 15:48:01 +0600


Started GET "/assets/articles.js?body=1" for 127.0.0.1 at 2014-06-03 15:48:01 +0600


Started GET "/assets/welcome.js?body=1" for 127.0.0.1 at 2014-06-03 15:48:01 +0600


Started GET "/assets/application.js?body=1" for 127.0.0.1 at 2014-06-03 15:48:01 +0600


Started GET "/articles/new" for 127.0.0.1 at 2014-06-03 15:53:45 +0600
Processing by ArticlesController#new as HTML
  Rendered articles/new.html.erb within layouts/application (0.0ms)
Completed 200 OK in 5ms (Views: 4.6ms | ActiveRecord: 0.0ms)


Started GET "/assets/welcome.css?body=1" for 127.0.0.1 at 2014-06-03 15:53:45 +0600


Started GET "/assets/jquery_ujs.js?body=1" for 127.0.0.1 at 2014-06-03 15:53:45 +0600


Started GET "/assets/articles.css?body=1" for 127.0.0.1 at 2014-06-03 15:53:45 +0600


Started GET "/assets/application.css?body=1" for 127.0.0.1 at 2014-06-03 15:53:45 +0600


Started GET "/assets/turbolinks.js?body=1" for 127.0.0.1 at 2014-06-03 15:53:45 +0600


Started GET "/assets/jquery.js?body=1" for 127.0.0.1 at 2014-06-03 15:53:45 +0600


Started GET "/assets/application.js?body=1" for 127.0.0.1 at 2014-06-03 15:53:45 +0600


Started GET "/assets/articles.js?body=1" for 127.0.0.1 at 2014-06-03 15:53:45 +0600


Started GET "/assets/welcome.js?body=1" for 127.0.0.1 at 2014-06-03 15:53:45 +0600


Started GET "/articles/new" for 127.0.0.1 at 2014-06-03 15:54:47 +0600
Processing by ArticlesController#new as HTML
  Rendered articles/new.html.erb within layouts/application (1.2ms)
Completed 200 OK in 43ms (Views: 34.4ms | ActiveRecord: 0.0ms)


Started GET "/assets/jquery.js?body=1" for 127.0.0.1 at 2014-06-03 15:54:47 +0600


Started GET "/" for 127.0.0.1 at 2014-06-03 15:54:51 +0600
Processing by WelcomeController#index as HTML
  Rendered welcome/index.html.erb within layouts/application (0.3ms)
Completed 200 OK in 6ms (Views: 5.7ms | ActiveRecord: 0.0ms)


Started GET "/assets/jquery.js?body=1" for 127.0.0.1 at 2014-06-03 15:54:51 +0600


Started GET "/" for 127.0.0.1 at 2014-06-03 16:51:24 +0600
Processing by WelcomeController#index as HTML
  Rendered welcome/index.html.erb within layouts/application (1.4ms)
Completed 200 OK in 444374ms (Views: 255.2ms | ActiveRecord: 0.0ms)


Started GET "/assets/articles.css?body=1" for 127.0.0.1 at 2014-06-03 16:58:49 +0600


Started GET "/assets/welcome.js?body=1" for 127.0.0.1 at 2014-06-03 16:58:49 +0600


Started GET "/assets/jquery.js?body=1" for 127.0.0.1 at 2014-06-03 16:58:49 +0600


Started GET "/assets/welcome.css?body=1" for 127.0.0.1 at 2014-06-03 16:58:49 +0600


Started GET "/assets/application.css?body=1" for 127.0.0.1 at 2014-06-03 16:58:49 +0600


Started GET "/assets/articles.js?body=1" for 127.0.0.1 at 2014-06-03 16:58:49 +0600


Started GET "/assets/jquery_ujs.js?body=1" for 127.0.0.1 at 2014-06-03 16:58:49 +0600


Started GET "/assets/application.js?body=1" for 127.0.0.1 at 2014-06-03 16:58:49 +0600


Started GET "/" for 127.0.0.1 at 2014-06-03 17:05:45 +0600
Processing by WelcomeController#index as HTML
  Rendered welcome/index.html.erb within layouts/application (0.4ms)
Completed 200 OK in 6ms (Views: 5.4ms | ActiveRecord: 0.0ms)


Started GET "/assets/articles.css?body=1" for 127.0.0.1 at 2014-06-03 17:05:45 +0600


Started GET "/assets/welcome.css?body=1" for 127.0.0.1 at 2014-06-03 17:05:45 +0600


Started GET "/assets/jquery.js?body=1" for 127.0.0.1 at 2014-06-03 17:05:45 +0600


Started GET "/assets/application.css?body=1" for 127.0.0.1 at 2014-06-03 17:05:45 +0600


Started GET "/assets/articles.js?body=1" for 127.0.0.1 at 2014-06-03 17:05:45 +0600


Started GET "/assets/jquery_ujs.js?body=1" for 127.0.0.1 at 2014-06-03 17:05:45 +0600


Started GET "/assets/application.js?body=1" for 127.0.0.1 at 2014-06-03 17:05:45 +0600


Started GET "/assets/welcome.js?body=1" for 127.0.0.1 at 2014-06-03 17:05:45 +0600


Started GET "/" for 127.0.0.1 at 2014-06-03 17:19:39 +0600
Processing by WelcomeController#index as HTML
  Rendered welcome/index.html.erb within layouts/application (4.9ms)
Completed 200 OK in 47ms (Views: 46.7ms | ActiveRecord: 0.0ms)


Started GET "/assets/articles.css?body=1" for 127.0.0.1 at 2014-06-03 17:19:39 +0600


Started GET "/assets/welcome.css?body=1" for 127.0.0.1 at 2014-06-03 17:19:39 +0600


Started GET "/assets/jquery.js?body=1" for 127.0.0.1 at 2014-06-03 17:19:39 +0600


Started GET "/assets/jquery_ujs.js?body=1" for 127.0.0.1 at 2014-06-03 17:19:39 +0600


Started GET "/assets/application.css?body=1" for 127.0.0.1 at 2014-06-03 17:19:39 +0600


Started GET "/assets/articles.js?body=1" for 127.0.0.1 at 2014-06-03 17:19:39 +0600


Started GET "/assets/welcome.js?body=1" for 127.0.0.1 at 2014-06-03 17:19:39 +0600


Started GET "/assets/application.js?body=1" for 127.0.0.1 at 2014-06-03 17:19:39 +0600


Started GET "/" for 127.0.0.1 at 2014-06-03 17:19:53 +0600
Processing by WelcomeController#index as HTML
  Rendered welcome/index.html.erb within layouts/application (0.2ms)
Completed 200 OK in 6ms (Views: 6.1ms | ActiveRecord: 0.0ms)


Started GET "/assets/articles.css?body=1" for 127.0.0.1 at 2014-06-03 17:19:53 +0600


Started GET "/assets/welcome.css?body=1" for 127.0.0.1 at 2014-06-03 17:19:53 +0600


Started GET "/assets/articles.js?body=1" for 127.0.0.1 at 2014-06-03 17:19:53 +0600


Started GET "/assets/jquery.js?body=1" for 127.0.0.1 at 2014-06-03 17:19:53 +0600


Started GET "/assets/jquery_ujs.js?body=1" for 127.0.0.1 at 2014-06-03 17:19:53 +0600


Started GET "/assets/application.css?body=1" for 127.0.0.1 at 2014-06-03 17:19:53 +0600


Started GET "/assets/welcome.js?body=1" for 127.0.0.1 at 2014-06-03 17:19:53 +0600


Started GET "/assets/application.js?body=1" for 127.0.0.1 at 2014-06-03 17:19:53 +0600


Started GET "/" for 127.0.0.1 at 2014-06-03 17:20:01 +0600
Processing by WelcomeController#index as HTML
  Rendered welcome/index.html.erb within layouts/application (5.9ms)
Completed 200 OK in 49ms (Views: 48.6ms | ActiveRecord: 0.0ms)


Started GET "/assets/articles.css?body=1" for 127.0.0.1 at 2014-06-03 17:20:01 +0600


Started GET "/assets/application.css?body=1" for 127.0.0.1 at 2014-06-03 17:20:01 +0600


Started GET "/assets/welcome.css?body=1" for 127.0.0.1 at 2014-06-03 17:20:01 +0600


Started GET "/assets/jquery.js?body=1" for 127.0.0.1 at 2014-06-03 17:20:01 +0600


Started GET "/assets/articles.js?body=1" for 127.0.0.1 at 2014-06-03 17:20:01 +0600


Started GET "/assets/jquery_ujs.js?body=1" for 127.0.0.1 at 2014-06-03 17:20:01 +0600


Started GET "/assets/welcome.js?body=1" for 127.0.0.1 at 2014-06-03 17:20:01 +0600


Started GET "/assets/application.js?body=1" for 127.0.0.1 at 2014-06-03 17:20:01 +0600


Started GET "/" for 127.0.0.1 at 2014-06-03 23:48:12 +0600
Processing by WelcomeController#index as HTML
  Rendered welcome/index.html.erb within layouts/application (18.6ms)
Completed 200 OK in 248ms (Views: 247.4ms | ActiveRecord: 0.0ms)


Started GET "/assets/articles.css?body=1" for 127.0.0.1 at 2014-06-03 23:48:13 +0600


Started GET "/assets/welcome.css?body=1" for 127.0.0.1 at 2014-06-03 23:48:13 +0600


Started GET "/assets/application.css?body=1" for 127.0.0.1 at 2014-06-03 23:48:13 +0600


Started GET "/assets/jquery_ujs.js?body=1" for 127.0.0.1 at 2014-06-03 23:48:13 +0600


Started GET "/assets/jquery.js?body=1" for 127.0.0.1 at 2014-06-03 23:48:13 +0600


Started GET "/assets/welcome.js?body=1" for 127.0.0.1 at 2014-06-03 23:48:13 +0600


Started GET "/assets/articles.js?body=1" for 127.0.0.1 at 2014-06-03 23:48:13 +0600


Started GET "/assets/application.js?body=1" for 127.0.0.1 at 2014-06-03 23:48:13 +0600
